/*C12*/SET SCHEMA PUBLIC
drop table account if exists
drop table statistic if exists
drop table url_mapping if exists
drop sequence hibernate_sequence if exists
create sequence hibernate_sequence start with 1 increment by 1
create table account (account_id varchar(255) not null, password varchar(255), roles varbinary(255), primary key (account_id))
create table statistic (id bigint not null, account_id varchar(255), counter integer not null, short_url varchar(255), primary key (id))
create table url_mapping (id bigint not null, access_counter integer not null, redirect_type integer not null, short_url varchar(255), url varchar(255), primary key (id))
alter table statistic add constraint UKm86x0bmjin4q1yoepy293wblw unique (account_id, short_url)
alter table url_mapping add constraint UK4ko4wsgknpxotxwvv5y3lwd8g unique (short_url)
drop table account if exists
drop table statistic if exists
drop table url_mapping if exists
drop sequence hibernate_sequence if exists
DISCONNECT
/*C13*/SET SCHEMA PUBLIC
DISCONNECT
/*C14*/SET SCHEMA PUBLIC
DISCONNECT
/*C15*/SET SCHEMA PUBLIC
DISCONNECT
/*C16*/SET SCHEMA PUBLIC
DISCONNECT
/*C17*/SET SCHEMA PUBLIC
DISCONNECT
/*C18*/SET SCHEMA PUBLIC
DISCONNECT
/*C19*/SET SCHEMA PUBLIC
DISCONNECT
/*C20*/SET SCHEMA PUBLIC
DISCONNECT
/*C21*/SET SCHEMA PUBLIC
DISCONNECT
